[2026-04-24 09:15:30] [DEBUG] ============================================================
[2026-04-24 09:15:30] [DEBUG] Click Next Button Test
[2026-04-24 09:15:30] [DEBUG] ============================================================
[2026-04-24 09:15:30] [DEBUG] [1/4] Finding Jingmai window...
[2026-04-24 09:15:30] [DEBUG] 查找京麦窗口...
[2026-04-24 09:15:30] [DEBUG] Window found: jd_465d1abd3ee76
[2026-04-24 09:15:30] [DEBUG] Window rect: (1080, 648, 1380, 900)
[2026-04-24 09:15:30] [DEBUG] [2/4] Activating window...
[2026-04-24 09:15:31] [DEBUG] 窗口已激活: (1080, 648, 1380, 900)
[2026-04-24 09:15:32] [DEBUG] Window position after activate: (1080, 648, 1380, 900)
[2026-04-24 09:15:32] [DEBUG] [3/4] Screenshot before click...
[2026-04-24 09:15:32] [DEBUG] Before: E:\workspace\skills\jingmai-product-publish\logs\before_click.png
[2026-04-24 09:15:32] [DEBUG] Window offset: left=1080, top=648
[2026-04-24 09:15:32] [DEBUG] Screen click position: (1578, 1587)
[2026-04-24 09:15:32] [DEBUG] [4/4] Clicking Next button...
[2026-04-24 09:15:32] [DEBUG] Click executed
[2026-04-24 09:15:34] [DEBUG] Taking after-click screenshot...
[2026-04-24 09:15:34] [DEBUG] After: E:\workspace\skills\jingmai-product-publish\logs\after_click.png
[2026-04-24 09:15:34] [DEBUG] 
[2026-04-24 09:15:34] [DEBUG] ==================================================
[2026-04-24 09:15:34] [DEBUG] Please check screenshots for results
[2026-04-24 09:15:34] [DEBUG] ==================================================
