[2026-04-24 09:02:25] [DEBUG] 未找到配置文件，使用默认配置
[2026-04-24 09:02:25] [DEBUG] ============================================================
[2026-04-24 09:02:25] [DEBUG] 京麦商品发布自动化 v1.0
[2026-04-24 09:02:25] [DEBUG] ============================================================
[2026-04-24 09:02:25] [DEBUG] 商品: 测试商品
[2026-04-24 09:02:25] [DEBUG] 配置: {
  "product": {
    "title": "测试商品",
    "description": "测试商品描述",
    "price": 99.99,
    "stock": 100,
    "sku": "TEST001"
  },
  "images": [],
  "publish": {
    "auto_submit": true,
    "confirm_...
[2026-04-24 09:02:25] [DEBUG] [Step 1/8] 环境检查
[2026-04-24 09:02:25] [DEBUG] ├─ 检查京麦窗口...
[2026-04-24 09:02:25] [DEBUG] 查找京麦窗口...
[2026-04-24 09:02:25] [DEBUG] [OK] Window found: jd_465d1abd3ee76
[2026-04-24 09:02:25] [DEBUG]    句柄: 18289096
[2026-04-24 09:02:25] [DEBUG]    位置: (0, 0, 2560, 1392)
[2026-04-24 09:02:25] [DEBUG]    大小: 2560x1392
[2026-04-24 09:02:25] [DEBUG] [Step 2/8] 窗口定位
[2026-04-24 09:02:25] [DEBUG] ├─ 激活京麦窗口...
[2026-04-24 09:02:26] [DEBUG] 窗口已激活: (100, 100, 1380, 900)
[2026-04-24 09:02:26] [DEBUG] 截图失败: cannot access local variable 'win32gui' where it is not associated with a value
[2026-04-24 09:02:26] [DEBUG] [OK] Window activated
[2026-04-24 09:02:26] [DEBUG] [Step 3/8] 页面导航
[2026-04-24 09:02:26] [DEBUG] ├─ 导航到发布商品页面...
[2026-04-24 09:02:26] [DEBUG] 执行 #1/5: 点击发布商品
[2026-04-24 09:02:26] [DEBUG] 导航到发布商品页面
[2026-04-24 09:02:26] [DEBUG] ├─ 点击「商品」菜单
[2026-04-24 09:02:26] [DEBUG] 点击菜单「商品」坐标 (34, 145)
[2026-04-24 09:02:26] [DEBUG] 点击屏幕坐标 (134, 245) -> 窗口(34, 145)
[2026-04-24 09:02:27] [DEBUG] ├─ 点击「发布商品」子菜单
[2026-04-24 09:02:27] [DEBUG] 点击菜单「发布商品」坐标 (34, 195)
[2026-04-24 09:02:27] [DEBUG] 点击屏幕坐标 (134, 295) -> 窗口(34, 195)
[2026-04-24 09:02:29] [DEBUG] 已进入发布商品页面
[2026-04-24 09:02:29] [DEBUG] 成功: 导航完成
[2026-04-24 09:02:29] [DEBUG] 截图失败: cannot access local variable 'win32gui' where it is not associated with a value
[2026-04-24 09:02:29] [DEBUG] [OK] Entered publish page
[2026-04-24 09:02:29] [DEBUG] [Step 4/8] 填充商品信息
[2026-04-24 09:02:29] [DEBUG] ├─ 填充商品标题...
[2026-04-24 09:02:29] [DEBUG]    标题: 测试商品
[2026-04-24 09:02:29] [DEBUG]    价格: 99.99
[2026-04-24 09:02:29] [DEBUG]    SKU: TEST001
[2026-04-24 09:02:29] [DEBUG] 截图失败: cannot access local variable 'win32gui' where it is not associated with a value
[2026-04-24 09:02:29] [DEBUG] [OK] Product info filled (field mapping pending)
[2026-04-24 09:02:29] [DEBUG] [Step 5/8] 上传图片
[2026-04-24 09:02:29] [DEBUG] [WARN] No images configured, skipping upload
[2026-04-24 09:02:29] [DEBUG] [Step 6/8] 核对表单
[2026-04-24 09:02:29] [DEBUG] ├─ 检查必填项...
[2026-04-24 09:02:29] [DEBUG] 截图失败: cannot access local variable 'win32gui' where it is not associated with a value
[2026-04-24 09:02:29] [DEBUG] [OK] Form verified
[2026-04-24 09:02:29] [DEBUG] [Step 7/8] 提交发布
[2026-04-24 09:02:29] [DEBUG] ├─ 点击发布按钮...
[2026-04-24 09:02:29] [DEBUG] 截图失败: cannot access local variable 'win32gui' where it is not associated with a value
[2026-04-24 09:02:29] [DEBUG] [OK] Submitted (click logic pending)
[2026-04-24 09:02:29] [DEBUG] [Step 8/8] 验证结果
[2026-04-24 09:02:29] [DEBUG] ├─ 检查发布结果...
[2026-04-24 09:02:29] [DEBUG] 等待发布结果确认...
[2026-04-24 09:02:29] [DEBUG] 截图失败: cannot access local variable 'win32gui' where it is not associated with a value
[2026-04-24 09:02:29] [DEBUG] [OK] Publish successful!
[2026-04-24 09:02:29] [DEBUG] [SUCCESS] Product published successfully!
[2026-04-24 09:02:29] [DEBUG] 
[2026-04-24 09:02:29] [DEBUG] --------------------------------------------------
[2026-04-24 09:02:29] [DEBUG] [SUMMARY] Execution Summary
[2026-04-24 09:02:29] [DEBUG] --------------------------------------------------
[2026-04-24 09:02:29] [DEBUG]   Total Steps: 9
[2026-04-24 09:02:29] [DEBUG]   Errors: 6
[2026-04-24 09:02:29] [DEBUG]   Warnings: 2
[2026-04-24 09:02:29] [DEBUG]   Elapsed: 4s
[2026-04-24 09:02:29] [DEBUG]   Log File: E:\workspace\skills\jingmai-product-publish\logs\publish_20260424_090225.log
[2026-04-24 09:02:29] [DEBUG] --------------------------------------------------
[2026-04-24 09:02:29] [DEBUG] [WARNING] 6 error(s) found, check log
