[2026-04-24 09:01:45] [DEBUG] 未找到配置文件，使用默认配置
[2026-04-24 09:01:45] [DEBUG] ============================================================
[2026-04-24 09:01:45] [DEBUG] 京麦商品发布自动化 v1.0
[2026-04-24 09:01:45] [DEBUG] ============================================================
[2026-04-24 09:01:45] [DEBUG] 商品: 测试商品
[2026-04-24 09:01:45] [DEBUG] 配置: {
  "product": {
    "title": "测试商品",
    "description": "测试商品描述",
    "price": 99.99,
    "stock": 100,
    "sku": "TEST001"
  },
  "images": [],
  "publish": {
    "auto_submit": true,
    "confirm_...
[2026-04-24 09:01:45] [DEBUG] [Step 1/8] 环境检查
[2026-04-24 09:01:45] [DEBUG] ├─ 检查京麦窗口...
[2026-04-24 09:01:45] [DEBUG] 查找京麦窗口...
[2026-04-24 09:01:45] [DEBUG] 执行异常: 'gbk' codec can't encode character '\u2705' in position 16: illegal multibyte sequence
[2026-04-24 09:01:45] [DEBUG] 截图失败: cannot access local variable 'win32gui' where it is not associated with a value
[2026-04-24 09:01:45] [DEBUG] 
[2026-04-24 09:01:45] [DEBUG] ━━━━━━━━━━━━━━━━━━━━━━━━━━━━━━━━━━━━━━━━━━━━━━━━━━━━━━━━━━━━
[2026-04-24 09:01:45] [DEBUG] 执行摘要
[2026-04-24 09:01:45] [DEBUG] ━━━━━━━━━━━━━━━━━━━━━━━━━━━━━━━━━━━━━━━━━━━━━━━━━━━━━━━━━━━━
[2026-04-24 09:01:45] [DEBUG]   总步骤: 1
[2026-04-24 09:01:45] [DEBUG]   错误数: 2
[2026-04-24 09:01:45] [DEBUG]   警告数: 1
[2026-04-24 09:01:45] [DEBUG]   已用时间: 0s
[2026-04-24 09:01:45] [DEBUG]   日志文件: E:\workspace\skills\jingmai-product-publish\logs\publish_20260424_090145.log
[2026-04-24 09:01:45] [DEBUG] ━━━━━━━━━━━━━━━━━━━━━━━━━━━━━━━━━━━━━━━━━━━━━━━━━━━━━━━━━━━━
