2026-03-27 20:10:34 | INFO  | app.service.actions.window_actions | _open_or_focus_app:197 | [open_app] 步骤1/4: 检查任务栏可见窗口 (app='chrome')
2026-03-27 20:10:35 | INFO  | app.service.actions.window_actions | _open_or_focus_app:199 | [open_app] 任务栏可见窗口 (14): ['DESKTOP-O598I7H', '有道云笔记 - Google Chrome', '管理员: Windows PowerShell', '管理员: C:\\Windows\\System32\\cmd.exe', '抖音菜单', '飞书', '*账号.txt - Notepad', 'C:\\Users\\Administrator\\Desktop\\账号.txt - Notepad++ [Administrator]', 'ai.opencode.desktop-siw', 'jingmai-agent – \\读取"resources\\screens…']
2026-03-27 20:10:35 | INFO  | app.service.actions.window_actions | _open_or_focus_app:208 | [open_app] 在任务栏找到匹配窗口: '有道云笔记 - Google Chrome'，尝试激活前置
2026-03-27 20:10:38 | INFO  | app.service.actions.window_actions | _execute:42 | [open_app] 窗口验证通过: 前台进程 'chrome' 匹配目标 'chrome'
2026-03-27 20:10:49 | INFO  | app.service.actions.keyboard_actions | _execute:32 | [TypeAction] 输入文本: 'https://note.youdao.com/web/#/file/WEBa2b687261f80...' (长度=83)
2026-03-27 20:10:52 | INFO  | app.service.actions.keyboard_actions | _execute:46 | [TypeAction] 文本输入完成
2026-03-27 20:11:15 | INFO  | app.service.utils.screenshot | capture_screenshot:131 | [Screenshot] 截图成功: 原始尺寸 1920x1080
2026-03-27 20:11:32 | INFO  | app.service.actions.window_actions | _open_or_focus_app:197 | [open_app] 步骤1/4: 检查任务栏可见窗口 (app='chrome')
2026-03-27 20:11:33 | INFO  | app.service.actions.window_actions | _open_or_focus_app:199 | [open_app] 任务栏可见窗口 (13): ['DESKTOP-O598I7H', '有道云笔记 - Google Chrome', '管理员: Windows PowerShell', '管理员: C:\\Windows\\System32\\cmd.exe', '抖音菜单', '*账号.txt - Notepad', 'C:\\Users\\Administrator\\Desktop\\账号.txt - Notepad++ [Administrator]', 'ai.opencode.desktop-siw', 'jingmai-agent – \\读取"resources\\screens…', '再见 - G.E.M. 邓紫棋   ']
2026-03-27 20:11:33 | INFO  | app.service.actions.window_actions | _open_or_focus_app:208 | [open_app] 在任务栏找到匹配窗口: '有道云笔记 - Google Chrome'，尝试激活前置
2026-03-27 20:11:37 | INFO  | app.service.actions.window_actions | _execute:42 | [open_app] 窗口验证通过: 前台进程 'chrome' 匹配目标 'chrome'
2026-03-27 20:11:50 | INFO  | app.service.utils.screenshot | capture_screenshot:131 | [Screenshot] 截图成功: 原始尺寸 1920x1080
2026-03-27 20:12:00 | INFO  | app.service.utils.screenshot | capture_screenshot:131 | [Screenshot] 截图成功: 原始尺寸 1920x1080
2026-03-27 20:12:12 | INFO  | app.service.actions.keyboard_actions | _execute:32 | [TypeAction] 输入文本: '# 今日学习总结 2026-03-27' (长度=19)
2026-03-27 20:12:13 | INFO  | app.service.actions.keyboard_actions | _execute:46 | [TypeAction] 文本输入完成
2026-03-27 20:12:21 | INFO  | app.service.actions.keyboard_actions | _execute:32 | [TypeAction] 输入文本: '{ENTER}{ENTER}## Today GitHub Projects{ENTER}{ENTE...' (长度=676)
2026-03-27 20:12:41 | INFO  | app.service.actions.keyboard_actions | _execute:46 | [TypeAction] 文本输入完成
2026-03-27 20:18:53 | INFO  | app.service.actions.window_actions | _open_or_focus_app:197 | [open_app] 步骤1/4: 检查任务栏可见窗口 (app='chrome')
2026-03-27 20:18:55 | INFO  | app.service.actions.window_actions | _open_or_focus_app:199 | [open_app] 任务栏可见窗口 (14): ['DESKTOP-O598I7H', '有道云笔记 - Google Chrome', '管理员: Windows PowerShell', '管理员: C:\\Windows\\System32\\cmd.exe', '抖音菜单', '飞书', '*账号.txt - Notepad', 'C:\\Users\\Administrator\\Desktop\\账号.txt - Notepad++ [Administrator]', 'ai.opencode.desktop-siw', 'jingmai-agent – \\读取"resources\\screens…']
2026-03-27 20:18:55 | INFO  | app.service.actions.window_actions | _open_or_focus_app:208 | [open_app] 在任务栏找到匹配窗口: '有道云笔记 - Google Chrome'，尝试激活前置
2026-03-27 20:18:58 | INFO  | app.service.actions.window_actions | _execute:42 | [open_app] 窗口验证通过: 前台进程 'chrome' 匹配目标 'chrome'
2026-03-27 20:19:07 | INFO  | app.service.actions.keyboard_actions | _execute:32 | [TypeAction] 输入文本: 'https://note.youdao.com/web/#/file/WEBa2b687261f80...' (长度=83)
2026-03-27 20:19:10 | INFO  | app.service.actions.keyboard_actions | _execute:46 | [TypeAction] 文本输入完成
2026-03-27 20:19:26 | INFO  | app.service.utils.screenshot | capture_screenshot:131 | [Screenshot] 截图成功: 原始尺寸 1920x1080
2026-03-27 20:19:37 | INFO  | app.service.utils.screenshot | capture_screenshot:131 | [Screenshot] 截图成功: 原始尺寸 1920x1080
2026-03-27 20:19:50 | INFO  | app.service.actions.keyboard_actions | _execute:32 | [TypeAction] 输入文本: '# 今日学习总结 2026-03-27' (长度=19)
2026-03-27 20:19:50 | INFO  | app.service.actions.keyboard_actions | _execute:46 | [TypeAction] 文本输入完成
2026-03-27 20:20:28 | INFO  | app.service.actions.window_actions | _open_or_focus_app:197 | [open_app] 步骤1/4: 检查任务栏可见窗口 (app='chrome')
2026-03-27 20:20:29 | INFO  | app.service.actions.window_actions | _open_or_focus_app:199 | [open_app] 任务栏可见窗口 (14): ['DESKTOP-O598I7H', '有道云笔记 - Google Chrome', '管理员: Windows PowerShell', '管理员: C:\\Windows\\System32\\cmd.exe', '抖音菜单', '飞书', '*账号.txt - Notepad', 'C:\\Users\\Administrator\\Desktop\\账号.txt - Notepad++ [Administrator]', 'ai.opencode.desktop-siw', 'jingmai-agent – \\读取"resources\\screens…']
2026-03-27 20:20:29 | INFO  | app.service.actions.window_actions | _open_or_focus_app:208 | [open_app] 在任务栏找到匹配窗口: '有道云笔记 - Google Chrome'，尝试激活前置
2026-03-27 20:20:32 | INFO  | app.service.actions.window_actions | _execute:42 | [open_app] 窗口验证通过: 前台进程 'chrome' 匹配目标 'chrome'
2026-03-27 20:22:23 | INFO  | app.service.utils.screenshot | capture_screenshot:131 | [Screenshot] 截图成功: 原始尺寸 1920x1080
2026-03-27 20:26:35 | INFO  | app.service.utils.screenshot | capture_screenshot:131 | [Screenshot] 截图成功: 原始尺寸 1920x1080
2026-03-27 20:28:58 | INFO  | app.service.actions.window_actions | _open_or_focus_app:197 | [open_app] 步骤1/4: 检查任务栏可见窗口 (app='chrome')
2026-03-27 20:29:00 | INFO  | app.service.actions.window_actions | _open_or_focus_app:199 | [open_app] 任务栏可见窗口 (14): ['DESKTOP-O598I7H', 'OpenClaw Control - Google Chrome', '管理员: Windows PowerShell', '管理员: C:\\Windows\\System32\\cmd.exe', '抖音菜单', '飞书', '*账号.txt - Notepad', 'C:\\Users\\Administrator\\Desktop\\账号.txt - Notepad++ [Administrator]', 'ai.opencode.desktop-siw', 'jingmai-agent – \\读取"resources\\screens…']
2026-03-27 20:29:00 | INFO  | app.service.actions.window_actions | _open_or_focus_app:208 | [open_app] 在任务栏找到匹配窗口: 'OpenClaw Control - Google Chrome'，尝试激活前置
2026-03-27 20:29:03 | INFO  | app.service.actions.window_actions | _execute:42 | [open_app] 窗口验证通过: 前台进程 'chrome' 匹配目标 'chrome'
2026-03-27 20:29:48 | INFO  | app.service.actions.window_actions | _open_or_focus_app:197 | [open_app] 步骤1/4: 检查任务栏可见窗口 (app='chrome')
2026-03-27 20:29:50 | INFO  | app.service.actions.window_actions | _open_or_focus_app:199 | [open_app] 任务栏可见窗口 (14): ['DESKTOP-O598I7H', 'OpenClaw Control - Google Chrome', '管理员: Windows PowerShell', '管理员: C:\\Windows\\System32\\cmd.exe', '抖音菜单', '飞书', '*账号.txt - Notepad', 'C:\\Users\\Administrator\\Desktop\\账号.txt - Notepad++ [Administrator]', 'ai.opencode.desktop-siw', 'jingmai-agent – \\读取"resources\\screens…']
2026-03-27 20:29:50 | INFO  | app.service.actions.window_actions | _open_or_focus_app:208 | [open_app] 在任务栏找到匹配窗口: 'OpenClaw Control - Google Chrome'，尝试激活前置
2026-03-27 20:29:53 | INFO  | app.service.actions.window_actions | _execute:42 | [open_app] 窗口验证通过: 前台进程 'chrome' 匹配目标 'chrome'
2026-03-27 20:30:03 | INFO  | app.service.actions.keyboard_actions | _execute:32 | [TypeAction] 输入文本: 'https://note.youdao.com/web/#/file/WEBa2b687261f80...' (长度=76)
2026-03-27 20:30:06 | INFO  | app.service.actions.keyboard_actions | _execute:46 | [TypeAction] 文本输入完成
2026-03-27 20:38:53 | INFO  | app.service.actions.window_actions | _open_or_focus_app:197 | [open_app] 步骤1/4: 检查任务栏可见窗口 (app='chrome')
2026-03-27 20:38:55 | INFO  | app.service.actions.window_actions | _open_or_focus_app:199 | [open_app] 任务栏可见窗口 (14): ['DESKTOP-O598I7H', 'OpenClaw Control - Google Chrome', '管理员: Windows PowerShell', '管理员: C:\\Windows\\System32\\cmd.exe', '抖音菜单', '飞书', '*账号.txt - Notepad', 'C:\\Users\\Administrator\\Desktop\\账号.txt - Notepad++ [Administrator]', 'ai.opencode.desktop-siw', 'jingmai-agent – \\读取"resources\\screens…']
2026-03-27 20:38:55 | INFO  | app.service.actions.window_actions | _open_or_focus_app:208 | [open_app] 在任务栏找到匹配窗口: 'OpenClaw Control - Google Chrome'，尝试激活前置
2026-03-27 20:38:58 | INFO  | app.service.actions.window_actions | _execute:42 | [open_app] 窗口验证通过: 前台进程 'chrome' 匹配目标 'chrome'
2026-03-27 20:41:04 | INFO  | app.service.actions.window_actions | _open_or_focus_app:197 | [open_app] 步骤1/4: 检查任务栏可见窗口 (app='chrome')
2026-03-27 20:41:05 | INFO  | app.service.actions.window_actions | _open_or_focus_app:199 | [open_app] 任务栏可见窗口 (14): ['DESKTOP-O598I7H', 'OpenClaw Control - Google Chrome', '管理员: Windows PowerShell', '管理员: C:\\Windows\\System32\\cmd.exe', '抖音菜单', '飞书', '*账号.txt - Notepad', 'C:\\Users\\Administrator\\Desktop\\账号.txt - Notepad++ [Administrator]', 'ai.opencode.desktop-siw', 'jingmai-agent – \\读取"resources\\screens…']
2026-03-27 20:41:05 | INFO  | app.service.actions.window_actions | _open_or_focus_app:208 | [open_app] 在任务栏找到匹配窗口: 'OpenClaw Control - Google Chrome'，尝试激活前置
2026-03-27 20:41:09 | INFO  | app.service.actions.window_actions | _execute:42 | [open_app] 窗口验证通过: 前台进程 'chrome' 匹配目标 'chrome'
